
> my-app@0.1.0 build C:\Users\Dereck\Desktop\Proyectos Grandes\Clinica_Syncwave_MVP\my-app
> next build

node.exe : "next" no se reconoce 
como un comando interno o 
externo,
En C:\Users\Dereck\AppData\Roamin
g\npm\pnpm.ps1: 24 Carácter: 5
+     & "node$exe"  "$basedir/nod
e_modules/pnpm/bin/pnpm.cjs" 
$args
+     ~~~~~~~~~~~~~~~~~~~~~~~~~~~
~~~~~~~~~~~~~~~~~~~~~~~~~~~~~~~~~
~
    + CategoryInfo          : No 
   tSpecified: ("next" no se re  
  ...erno o externo,:String) [   
 ], RemoteException
    + FullyQualifiedErrorId : Na 
   tiveCommandError
 
programa o archivo por lotes 
ejecutable.
ÔÇëELIFECYCLEÔÇë Command failed with exit code 1.
